Determining if the pthread_create exist failed with the following output:
Change Dir: /mnt/d/code/cpp/CProject/linux_build/CMakeFiles/CMakeTmp

Run Build Command:"/usr/bin/make" "cmTC_f0b5f/fast"
/usr/bin/make -f CMakeFiles/cmTC_f0b5f.dir/build.make CMakeFiles/cmTC_f0b5f.dir/build
make[1]: Entering directory '/mnt/d/code/cpp/CProject/linux_build/CMakeFiles/CMakeTmp'
Building C object CMakeFiles/cmTC_f0b5f.dir/CheckSymbolExists.c.o
/usr/bin/cc    -o CMakeFiles/cmTC_f0b5f.dir/CheckSymbolExists.c.o   -c /mnt/d/code/cpp/CProject/linux_build/CMakeFiles/CMakeTmp/CheckSymbolExists.c
Linking C executable cmTC_f0b5f
/bin/cmake -E cmake_link_script CMakeFiles/cmTC_f0b5f.dir/link.txt --verbose=1
/usr/bin/cc      CMakeFiles/cmTC_f0b5f.dir/CheckSymbolExists.c.o  -o cmTC_f0b5f 
CMakeFiles/cmTC_f0b5f.dir/CheckSymbolExists.c.o: In function `main':
CheckSymbolExists.c:(.text+0x16): undefined reference to `pthread_create'
collect2: error: ld returned 1 exit status
CMakeFiles/cmTC_f0b5f.dir/build.make:86: recipe for target 'cmTC_f0b5f' failed
make[1]: *** [cmTC_f0b5f] Error 1
make[1]: Leaving directory '/mnt/d/code/cpp/CProject/linux_build/CMakeFiles/CMakeTmp'
Makefile:121: recipe for target 'cmTC_f0b5f/fast' failed
make: *** [cmTC_f0b5f/fast] Error 2

File /mnt/d/code/cpp/CProject/linux_build/CMakeFiles/CMakeTmp/CheckSymbolExists.c:
/* */
#include <pthread.h>

int main(int argc, char** argv)
{
  (void)argv;
#ifndef pthread_create
  return ((int*)(&pthread_create))[argc];
#else
  (void)argc;
  return 0;
#endif
}

